{"C:\\Users\\colos\\Downloads\\Tarea1-BD2\\api\\db.js": {"path":"C:\\Users\\colos\\Downloads\\Tarea1-BD2\\api\\db.js","statementMap":{"0":{"start":{"line":1,"column":17},"end":{"line":1,"column":30}},"1":{"start":{"line":4,"column":13},"end":{"line":10,"column":2}},"2":{"start":{"line":12,"column":0},"end":{"line":12,"column":22}}},"fnMap":{},"branchMap":{},"s":{"0":1,"1":1,"2":1},"f":{},"b":{},"_coverageSchema":"1a1c01bbd47fc00a2c39e90264f33305004495a9","hash":"92435c912b8c402115cdf93d20058b63b74060d6"}
,"C:\\Users\\colos\\Downloads\\Tarea1-BD2\\api\\server.js": {"path":"C:\\Users\\colos\\Downloads\\Tarea1-BD2\\api\\server.js","statementMap":{"0":{"start":{"line":2,"column":13},"end":{"line":2,"column":28}},"1":{"start":{"line":3,"column":0},"end":{"line":3,"column":74}},"2":{"start":{"line":4,"column":16},"end":{"line":4,"column":34}},"3":{"start":{"line":5,"column":13},"end":{"line":5,"column":28}},"4":{"start":{"line":6,"column":18},"end":{"line":6,"column":47}},"5":{"start":{"line":7,"column":20},"end":{"line":7,"column":54}},"6":{"start":{"line":8,"column":13},"end":{"line":8,"column":28}},"7":{"start":{"line":9,"column":25},"end":{"line":9,"column":66}},"8":{"start":{"line":12,"column":0},"end":{"line":12,"column":60}},"9":{"start":{"line":14,"column":19},"end":{"line":14,"column":54}},"10":{"start":{"line":15,"column":26},"end":{"line":15,"column":69}},"11":{"start":{"line":16,"column":20},"end":{"line":16,"column":57}},"12":{"start":{"line":17,"column":24},"end":{"line":17,"column":62}},"13":{"start":{"line":19,"column":12},"end":{"line":19,"column":21}},"14":{"start":{"line":20,"column":13},"end":{"line":20,"column":41}},"15":{"start":{"line":23,"column":0},"end":{"line":23,"column":16}},"16":{"start":{"line":24,"column":0},"end":{"line":24,"column":24}},"17":{"start":{"line":27,"column":25},"end":{"line":44,"column":1}},"18":{"start":{"line":28,"column":19},"end":{"line":28,"column":20}},"19":{"start":{"line":29,"column":24},"end":{"line":29,"column":26}},"20":{"start":{"line":31,"column":4},"end":{"line":41,"column":5}},"21":{"start":{"line":32,"column":8},"end":{"line":40,"column":9}},"22":{"start":{"line":33,"column":27},"end":{"line":33,"column":59}},"23":{"start":{"line":34,"column":12},"end":{"line":34,"column":77}},"24":{"start":{"line":35,"column":12},"end":{"line":35,"column":19}},"25":{"start":{"line":37,"column":12},"end":{"line":37,"column":98}},"26":{"start":{"line":38,"column":12},"end":{"line":38,"column":23}},"27":{"start":{"line":39,"column":12},"end":{"line":39,"column":60}},"28":{"start":{"line":39,"column":37},"end":{"line":39,"column":58}},"29":{"start":{"line":42,"column":4},"end":{"line":42,"column":82}},"30":{"start":{"line":43,"column":4},"end":{"line":43,"column":20}},"31":{"start":{"line":50,"column":0},"end":{"line":50,"column":68}},"32":{"start":{"line":53,"column":0},"end":{"line":53,"column":42}},"33":{"start":{"line":54,"column":0},"end":{"line":54,"column":30}},"34":{"start":{"line":55,"column":0},"end":{"line":55,"column":44}},"35":{"start":{"line":56,"column":0},"end":{"line":56,"column":32}},"36":{"start":{"line":57,"column":0},"end":{"line":57,"column":38}},"37":{"start":{"line":60,"column":0},"end":{"line":67,"column":3}},"38":{"start":{"line":61,"column":4},"end":{"line":66,"column":5}},"39":{"start":{"line":62,"column":23},"end":{"line":62,"column":55}},"40":{"start":{"line":63,"column":8},"end":{"line":63,"column":72}},"41":{"start":{"line":65,"column":8},"end":{"line":65,"column":90}},"42":{"start":{"line":70,"column":0},"end":{"line":72,"column":3}},"43":{"start":{"line":71,"column":4},"end":{"line":71,"column":47}},"44":{"start":{"line":74,"column":0},"end":{"line":74,"column":21}},"45":{"start":{"line":77,"column":0},"end":{"line":81,"column":3}},"46":{"start":{"line":78,"column":4},"end":{"line":80,"column":7}},"47":{"start":{"line":79,"column":6},"end":{"line":79,"column":67}}},"fnMap":{"0":{"name":"(anonymous_0)","decl":{"start":{"line":27,"column":25},"end":{"line":27,"column":26}},"loc":{"start":{"line":27,"column":37},"end":{"line":44,"column":1}},"line":27},"1":{"name":"(anonymous_1)","decl":{"start":{"line":39,"column":30},"end":{"line":39,"column":31}},"loc":{"start":{"line":39,"column":37},"end":{"line":39,"column":58}},"line":39},"2":{"name":"(anonymous_2)","decl":{"start":{"line":60,"column":15},"end":{"line":60,"column":16}},"loc":{"start":{"line":60,"column":35},"end":{"line":67,"column":1}},"line":60},"3":{"name":"(anonymous_3)","decl":{"start":{"line":70,"column":13},"end":{"line":70,"column":14}},"loc":{"start":{"line":70,"column":27},"end":{"line":72,"column":1}},"line":70},"4":{"name":"(anonymous_4)","decl":{"start":{"line":78,"column":32},"end":{"line":78,"column":33}},"loc":{"start":{"line":78,"column":38},"end":{"line":80,"column":5}},"line":78}},"branchMap":{"0":{"loc":{"start":{"line":20,"column":13},"end":{"line":20,"column":41}},"type":"binary-expr","locations":[{"start":{"line":20,"column":13},"end":{"line":20,"column":33}},{"start":{"line":20,"column":37},"end":{"line":20,"column":41}}],"line":20},"1":{"loc":{"start":{"line":77,"column":0},"end":{"line":81,"column":3}},"type":"if","locations":[{"start":{"line":77,"column":0},"end":{"line":81,"column":3}},{"start":{},"end":{}}],"line":77}},"s":{"0":1,"1":1,"2":1,"3":1,"4":1,"5":1,"6":1,"7":1,"8":1,"9":1,"10":1,"11":1,"12":1,"13":1,"14":1,"15":1,"16":1,"17":1,"18":0,"19":0,"20":0,"21":0,"22":0,"23":0,"24":0,"25":0,"26":0,"27":0,"28":0,"29":0,"30":0,"31":1,"32":1,"33":1,"34":1,"35":1,"36":1,"37":1,"38":0,"39":0,"40":0,"41":0,"42":1,"43":0,"44":1,"45":1,"46":0,"47":0},"f":{"0":0,"1":0,"2":0,"3":0,"4":0},"b":{"0":[1,0],"1":[0,1]},"_coverageSchema":"1a1c01bbd47fc00a2c39e90264f33305004495a9","hash":"39aa1a35b1e5740694af399827c4fe6cc3f3497c"}
,"C:\\Users\\colos\\Downloads\\Tarea1-BD2\\api\\src\\controllers\\menu.controller.js": {"path":"C:\\Users\\colos\\Downloads\\Tarea1-BD2\\api\\src\\controllers\\menu.controller.js","statementMap":{"0":{"start":{"line":1,"column":13},"end":{"line":1,"column":44}},"1":{"start":{"line":3,"column":0},"end":{"line":12,"column":2}},"2":{"start":{"line":4,"column":4},"end":{"line":11,"column":5}},"3":{"start":{"line":5,"column":8},"end":{"line":5,"column":62}},"4":{"start":{"line":6,"column":21},"end":{"line":6,"column":54}},"5":{"start":{"line":7,"column":8},"end":{"line":7,"column":80}},"6":{"start":{"line":7,"column":19},"end":{"line":7,"column":80}},"7":{"start":{"line":8,"column":8},"end":{"line":8,"column":35}},"8":{"start":{"line":10,"column":8},"end":{"line":10,"column":53}},"9":{"start":{"line":14,"column":0},"end":{"line":21,"column":2}},"10":{"start":{"line":15,"column":4},"end":{"line":20,"column":5}},"11":{"start":{"line":16,"column":22},"end":{"line":16,"column":74}},"12":{"start":{"line":17,"column":8},"end":{"line":17,"column":36}},"13":{"start":{"line":19,"column":8},"end":{"line":19,"column":53}},"14":{"start":{"line":24,"column":0},"end":{"line":34,"column":2}},"15":{"start":{"line":25,"column":4},"end":{"line":33,"column":5}},"16":{"start":{"line":26,"column":55},"end":{"line":26,"column":63}},"17":{"start":{"line":27,"column":8},"end":{"line":27,"column":100}},"18":{"start":{"line":28,"column":24},"end":{"line":28,"column":77}},"19":{"start":{"line":29,"column":8},"end":{"line":29,"column":38}},"20":{"start":{"line":31,"column":8},"end":{"line":31,"column":62}},"21":{"start":{"line":32,"column":8},"end":{"line":32,"column":53}},"22":{"start":{"line":37,"column":0},"end":{"line":46,"column":2}},"23":{"start":{"line":38,"column":4},"end":{"line":45,"column":5}},"24":{"start":{"line":39,"column":40},"end":{"line":39,"column":48}},"25":{"start":{"line":40,"column":28},"end":{"line":40,"column":81}},"26":{"start":{"line":41,"column":8},"end":{"line":41,"column":87}},"27":{"start":{"line":41,"column":26},"end":{"line":41,"column":87}},"28":{"start":{"line":42,"column":8},"end":{"line":42,"column":42}},"29":{"start":{"line":44,"column":8},"end":{"line":44,"column":53}},"30":{"start":{"line":49,"column":0},"end":{"line":57,"column":2}},"31":{"start":{"line":50,"column":4},"end":{"line":56,"column":5}},"32":{"start":{"line":51,"column":24},"end":{"line":51,"column":56}},"33":{"start":{"line":52,"column":8},"end":{"line":52,"column":83}},"34":{"start":{"line":52,"column":22},"end":{"line":52,"column":83}},"35":{"start":{"line":53,"column":8},"end":{"line":53,"column":74}},"36":{"start":{"line":55,"column":8},"end":{"line":55,"column":53}}},"fnMap":{"0":{"name":"(anonymous_0)","decl":{"start":{"line":3,"column":22},"end":{"line":3,"column":23}},"loc":{"start":{"line":3,"column":42},"end":{"line":12,"column":1}},"line":3},"1":{"name":"(anonymous_1)","decl":{"start":{"line":14,"column":31},"end":{"line":14,"column":32}},"loc":{"start":{"line":14,"column":51},"end":{"line":21,"column":1}},"line":14},"2":{"name":"(anonymous_2)","decl":{"start":{"line":24,"column":21},"end":{"line":24,"column":22}},"loc":{"start":{"line":24,"column":41},"end":{"line":34,"column":1}},"line":24},"3":{"name":"(anonymous_3)","decl":{"start":{"line":37,"column":21},"end":{"line":37,"column":22}},"loc":{"start":{"line":37,"column":41},"end":{"line":46,"column":1}},"line":37},"4":{"name":"(anonymous_4)","decl":{"start":{"line":49,"column":21},"end":{"line":49,"column":22}},"loc":{"start":{"line":49,"column":41},"end":{"line":57,"column":1}},"line":49}},"branchMap":{"0":{"loc":{"start":{"line":7,"column":8},"end":{"line":7,"column":80}},"type":"if","locations":[{"start":{"line":7,"column":8},"end":{"line":7,"column":80}},{"start":{},"end":{}}],"line":7},"1":{"loc":{"start":{"line":41,"column":8},"end":{"line":41,"column":87}},"type":"if","locations":[{"start":{"line":41,"column":8},"end":{"line":41,"column":87}},{"start":{},"end":{}}],"line":41},"2":{"loc":{"start":{"line":52,"column":8},"end":{"line":52,"column":83}},"type":"if","locations":[{"start":{"line":52,"column":8},"end":{"line":52,"column":83}},{"start":{},"end":{}}],"line":52}},"s":{"0":1,"1":1,"2":0,"3":0,"4":0,"5":0,"6":0,"7":0,"8":0,"9":1,"10":0,"11":0,"12":0,"13":0,"14":1,"15":0,"16":0,"17":0,"18":0,"19":0,"20":0,"21":0,"22":1,"23":0,"24":0,"25":0,"26":0,"27":0,"28":0,"29":0,"30":1,"31":0,"32":0,"33":0,"34":0,"35":0,"36":0},"f":{"0":0,"1":0,"2":0,"3":0,"4":0},"b":{"0":[0,0],"1":[0,0],"2":[0,0]},"_coverageSchema":"1a1c01bbd47fc00a2c39e90264f33305004495a9","hash":"f5b0d5e187e2d330581775bf1cf03800f621f1ed"}
,"C:\\Users\\colos\\Downloads\\Tarea1-BD2\\api\\src\\controllers\\orders.controller.js": {"path":"C:\\Users\\colos\\Downloads\\Tarea1-BD2\\api\\src\\controllers\\orders.controller.js","statementMap":{"0":{"start":{"line":1,"column":14},"end":{"line":1,"column":47}},"1":{"start":{"line":3,"column":0},"end":{"line":34,"column":4}},"2":{"start":{"line":4,"column":4},"end":{"line":33,"column":5}},"3":{"start":{"line":5,"column":62},"end":{"line":5,"column":70}},"4":{"start":{"line":8,"column":25},"end":{"line":8,"column":68}},"5":{"start":{"line":10,"column":6},"end":{"line":12,"column":7}},"6":{"start":{"line":11,"column":8},"end":{"line":11,"column":74}},"7":{"start":{"line":14,"column":6},"end":{"line":16,"column":7}},"8":{"start":{"line":15,"column":8},"end":{"line":15,"column":93}},"9":{"start":{"line":18,"column":27},"end":{"line":18,"column":61}},"10":{"start":{"line":19,"column":6},"end":{"line":21,"column":7}},"11":{"start":{"line":20,"column":8},"end":{"line":20,"column":75}},"12":{"start":{"line":23,"column":24},"end":{"line":23,"column":92}},"13":{"start":{"line":25,"column":6},"end":{"line":28,"column":9}},"14":{"start":{"line":31,"column":6},"end":{"line":31,"column":61}},"15":{"start":{"line":32,"column":6},"end":{"line":32,"column":62}},"16":{"start":{"line":36,"column":0},"end":{"line":50,"column":2}},"17":{"start":{"line":37,"column":4},"end":{"line":49,"column":5}},"18":{"start":{"line":38,"column":23},"end":{"line":38,"column":33}},"19":{"start":{"line":39,"column":26},"end":{"line":39,"column":54}},"20":{"start":{"line":41,"column":8},"end":{"line":43,"column":9}},"21":{"start":{"line":42,"column":12},"end":{"line":42,"column":75}},"22":{"start":{"line":45,"column":8},"end":{"line":45,"column":40}},"23":{"start":{"line":47,"column":8},"end":{"line":47,"column":29}},"24":{"start":{"line":48,"column":8},"end":{"line":48,"column":64}}},"fnMap":{"0":{"name":"(anonymous_0)","decl":{"start":{"line":3,"column":22},"end":{"line":3,"column":23}},"loc":{"start":{"line":3,"column":42},"end":{"line":34,"column":3}},"line":3},"1":{"name":"(anonymous_1)","decl":{"start":{"line":36,"column":23},"end":{"line":36,"column":24}},"loc":{"start":{"line":36,"column":43},"end":{"line":50,"column":1}},"line":36}},"branchMap":{"0":{"loc":{"start":{"line":8,"column":25},"end":{"line":8,"column":68}},"type":"cond-expr","locations":[{"start":{"line":8,"column":36},"end":{"line":8,"column":55}},{"start":{"line":8,"column":58},"end":{"line":8,"column":68}}],"line":8},"1":{"loc":{"start":{"line":10,"column":6},"end":{"line":12,"column":7}},"type":"if","locations":[{"start":{"line":10,"column":6},"end":{"line":12,"column":7}},{"start":{},"end":{}}],"line":10},"2":{"loc":{"start":{"line":14,"column":6},"end":{"line":16,"column":7}},"type":"if","locations":[{"start":{"line":14,"column":6},"end":{"line":16,"column":7}},{"start":{},"end":{}}],"line":14},"3":{"loc":{"start":{"line":14,"column":10},"end":{"line":14,"column":74}},"type":"binary-expr","locations":[{"start":{"line":14,"column":10},"end":{"line":14,"column":25}},{"start":{"line":14,"column":29},"end":{"line":14,"column":34}},{"start":{"line":14,"column":38},"end":{"line":14,"column":48}},{"start":{"line":14,"column":52},"end":{"line":14,"column":74}}],"line":14},"4":{"loc":{"start":{"line":19,"column":6},"end":{"line":21,"column":7}},"type":"if","locations":[{"start":{"line":19,"column":6},"end":{"line":21,"column":7}},{"start":{},"end":{}}],"line":19},"5":{"loc":{"start":{"line":41,"column":8},"end":{"line":43,"column":9}},"type":"if","locations":[{"start":{"line":41,"column":8},"end":{"line":43,"column":9}},{"start":{},"end":{}}],"line":41}},"s":{"0":1,"1":1,"2":0,"3":0,"4":0,"5":0,"6":0,"7":0,"8":0,"9":0,"10":0,"11":0,"12":0,"13":0,"14":0,"15":0,"16":1,"17":0,"18":0,"19":0,"20":0,"21":0,"22":0,"23":0,"24":0},"f":{"0":0,"1":0},"b":{"0":[0,0],"1":[0,0],"2":[0,0],"3":[0,0,0,0],"4":[0,0],"5":[0,0]},"_coverageSchema":"1a1c01bbd47fc00a2c39e90264f33305004495a9","hash":"fe17d113b7317f04590970fa5ba5831cd7b04d75"}
,"C:\\Users\\colos\\Downloads\\Tarea1-BD2\\api\\src\\controllers\\product.controller.js": {"path":"C:\\Users\\colos\\Downloads\\Tarea1-BD2\\api\\src\\controllers\\product.controller.js","statementMap":{"0":{"start":{"line":1,"column":16},"end":{"line":1,"column":50}},"1":{"start":{"line":3,"column":0},"end":{"line":10,"column":2}},"2":{"start":{"line":4,"column":2},"end":{"line":9,"column":3}},"3":{"start":{"line":5,"column":22},"end":{"line":5,"column":44}},"4":{"start":{"line":6,"column":4},"end":{"line":6,"column":36}},"5":{"start":{"line":8,"column":4},"end":{"line":8,"column":49}},"6":{"start":{"line":12,"column":0},"end":{"line":20,"column":2}},"7":{"start":{"line":13,"column":2},"end":{"line":19,"column":3}},"8":{"start":{"line":14,"column":21},"end":{"line":14,"column":57}},"9":{"start":{"line":15,"column":4},"end":{"line":15,"column":84}},"10":{"start":{"line":15,"column":19},"end":{"line":15,"column":84}},"11":{"start":{"line":16,"column":4},"end":{"line":16,"column":35}},"12":{"start":{"line":18,"column":4},"end":{"line":18,"column":49}},"13":{"start":{"line":22,"column":0},"end":{"line":30,"column":2}},"14":{"start":{"line":23,"column":2},"end":{"line":29,"column":3}},"15":{"start":{"line":24,"column":53},"end":{"line":24,"column":61}},"16":{"start":{"line":25,"column":21},"end":{"line":25,"column":79}},"17":{"start":{"line":26,"column":4},"end":{"line":26,"column":35}},"18":{"start":{"line":28,"column":4},"end":{"line":28,"column":49}},"19":{"start":{"line":32,"column":0},"end":{"line":41,"column":2}},"20":{"start":{"line":33,"column":2},"end":{"line":40,"column":3}},"21":{"start":{"line":34,"column":44},"end":{"line":34,"column":52}},"22":{"start":{"line":35,"column":21},"end":{"line":35,"column":85}},"23":{"start":{"line":36,"column":4},"end":{"line":36,"column":84}},"24":{"start":{"line":36,"column":19},"end":{"line":36,"column":84}},"25":{"start":{"line":37,"column":4},"end":{"line":37,"column":35}},"26":{"start":{"line":39,"column":4},"end":{"line":39,"column":49}},"27":{"start":{"line":43,"column":0},"end":{"line":51,"column":2}},"28":{"start":{"line":44,"column":2},"end":{"line":50,"column":3}},"29":{"start":{"line":45,"column":20},"end":{"line":45,"column":55}},"30":{"start":{"line":46,"column":4},"end":{"line":46,"column":83}},"31":{"start":{"line":46,"column":18},"end":{"line":46,"column":83}},"32":{"start":{"line":47,"column":4},"end":{"line":47,"column":74}},"33":{"start":{"line":49,"column":4},"end":{"line":49,"column":49}}},"fnMap":{"0":{"name":"(anonymous_0)","decl":{"start":{"line":3,"column":25},"end":{"line":3,"column":26}},"loc":{"start":{"line":3,"column":45},"end":{"line":10,"column":1}},"line":3},"1":{"name":"(anonymous_1)","decl":{"start":{"line":12,"column":25},"end":{"line":12,"column":26}},"loc":{"start":{"line":12,"column":45},"end":{"line":20,"column":1}},"line":12},"2":{"name":"(anonymous_2)","decl":{"start":{"line":22,"column":24},"end":{"line":22,"column":25}},"loc":{"start":{"line":22,"column":44},"end":{"line":30,"column":1}},"line":22},"3":{"name":"(anonymous_3)","decl":{"start":{"line":32,"column":24},"end":{"line":32,"column":25}},"loc":{"start":{"line":32,"column":44},"end":{"line":41,"column":1}},"line":32},"4":{"name":"(anonymous_4)","decl":{"start":{"line":43,"column":24},"end":{"line":43,"column":25}},"loc":{"start":{"line":43,"column":44},"end":{"line":51,"column":1}},"line":43}},"branchMap":{"0":{"loc":{"start":{"line":15,"column":4},"end":{"line":15,"column":84}},"type":"if","locations":[{"start":{"line":15,"column":4},"end":{"line":15,"column":84}},{"start":{},"end":{}}],"line":15},"1":{"loc":{"start":{"line":36,"column":4},"end":{"line":36,"column":84}},"type":"if","locations":[{"start":{"line":36,"column":4},"end":{"line":36,"column":84}},{"start":{},"end":{}}],"line":36},"2":{"loc":{"start":{"line":46,"column":4},"end":{"line":46,"column":83}},"type":"if","locations":[{"start":{"line":46,"column":4},"end":{"line":46,"column":83}},{"start":{},"end":{}}],"line":46}},"s":{"0":1,"1":1,"2":0,"3":0,"4":0,"5":0,"6":1,"7":0,"8":0,"9":0,"10":0,"11":0,"12":0,"13":1,"14":0,"15":0,"16":0,"17":0,"18":0,"19":1,"20":0,"21":0,"22":0,"23":0,"24":0,"25":0,"26":0,"27":1,"28":0,"29":0,"30":0,"31":0,"32":0,"33":0},"f":{"0":0,"1":0,"2":0,"3":0,"4":0},"b":{"0":[0,0],"1":[0,0],"2":[0,0]},"_coverageSchema":"1a1c01bbd47fc00a2c39e90264f33305004495a9","hash":"ccea1ad0c3a6566519a90ebd5f7a221959cae723"}
,"C:\\Users\\colos\\Downloads\\Tarea1-BD2\\api\\src\\controllers\\reservation.controller.js": {"path":"C:\\Users\\colos\\Downloads\\Tarea1-BD2\\api\\src\\controllers\\reservation.controller.js","statementMap":{"0":{"start":{"line":1,"column":20},"end":{"line":1,"column":58}},"1":{"start":{"line":3,"column":0},"end":{"line":10,"column":2}},"2":{"start":{"line":4,"column":4},"end":{"line":9,"column":5}},"3":{"start":{"line":5,"column":29},"end":{"line":5,"column":55}},"4":{"start":{"line":6,"column":8},"end":{"line":6,"column":43}},"5":{"start":{"line":8,"column":8},"end":{"line":8,"column":53}},"6":{"start":{"line":12,"column":0},"end":{"line":20,"column":2}},"7":{"start":{"line":13,"column":4},"end":{"line":19,"column":5}},"8":{"start":{"line":14,"column":28},"end":{"line":14,"column":68}},"9":{"start":{"line":15,"column":8},"end":{"line":15,"column":94}},"10":{"start":{"line":15,"column":26},"end":{"line":15,"column":94}},"11":{"start":{"line":16,"column":8},"end":{"line":16,"column":42}},"12":{"start":{"line":18,"column":8},"end":{"line":18,"column":53}},"13":{"start":{"line":22,"column":0},"end":{"line":39,"column":2}},"14":{"start":{"line":23,"column":4},"end":{"line":38,"column":5}},"15":{"start":{"line":24,"column":67},"end":{"line":24,"column":75}},"16":{"start":{"line":27,"column":27},"end":{"line":27,"column":70}},"17":{"start":{"line":30,"column":8},"end":{"line":32,"column":9}},"18":{"start":{"line":31,"column":12},"end":{"line":31,"column":88}},"19":{"start":{"line":34,"column":31},"end":{"line":34,"column":103}},"20":{"start":{"line":35,"column":8},"end":{"line":35,"column":45}},"21":{"start":{"line":37,"column":8},"end":{"line":37,"column":53}},"22":{"start":{"line":41,"column":0},"end":{"line":52,"column":2}},"23":{"start":{"line":42,"column":4},"end":{"line":51,"column":5}},"24":{"start":{"line":43,"column":39},"end":{"line":43,"column":47}},"25":{"start":{"line":44,"column":35},"end":{"line":44,"column":94}},"26":{"start":{"line":45,"column":8},"end":{"line":47,"column":9}},"27":{"start":{"line":46,"column":12},"end":{"line":46,"column":80}},"28":{"start":{"line":48,"column":8},"end":{"line":48,"column":49}},"29":{"start":{"line":50,"column":8},"end":{"line":50,"column":53}},"30":{"start":{"line":54,"column":0},"end":{"line":62,"column":2}},"31":{"start":{"line":55,"column":4},"end":{"line":61,"column":5}},"32":{"start":{"line":56,"column":24},"end":{"line":56,"column":63}},"33":{"start":{"line":57,"column":8},"end":{"line":57,"column":90}},"34":{"start":{"line":57,"column":22},"end":{"line":57,"column":90}},"35":{"start":{"line":58,"column":8},"end":{"line":58,"column":81}},"36":{"start":{"line":60,"column":8},"end":{"line":60,"column":53}}},"fnMap":{"0":{"name":"(anonymous_0)","decl":{"start":{"line":3,"column":29},"end":{"line":3,"column":30}},"loc":{"start":{"line":3,"column":49},"end":{"line":10,"column":1}},"line":3},"1":{"name":"(anonymous_1)","decl":{"start":{"line":12,"column":29},"end":{"line":12,"column":30}},"loc":{"start":{"line":12,"column":49},"end":{"line":20,"column":1}},"line":12},"2":{"name":"(anonymous_2)","decl":{"start":{"line":22,"column":28},"end":{"line":22,"column":29}},"loc":{"start":{"line":22,"column":48},"end":{"line":39,"column":1}},"line":22},"3":{"name":"(anonymous_3)","decl":{"start":{"line":41,"column":28},"end":{"line":41,"column":29}},"loc":{"start":{"line":41,"column":48},"end":{"line":52,"column":1}},"line":41},"4":{"name":"(anonymous_4)","decl":{"start":{"line":54,"column":28},"end":{"line":54,"column":29}},"loc":{"start":{"line":54,"column":48},"end":{"line":62,"column":1}},"line":54}},"branchMap":{"0":{"loc":{"start":{"line":15,"column":8},"end":{"line":15,"column":94}},"type":"if","locations":[{"start":{"line":15,"column":8},"end":{"line":15,"column":94}},{"start":{},"end":{}}],"line":15},"1":{"loc":{"start":{"line":27,"column":27},"end":{"line":27,"column":70}},"type":"cond-expr","locations":[{"start":{"line":27,"column":38},"end":{"line":27,"column":57}},{"start":{"line":27,"column":60},"end":{"line":27,"column":70}}],"line":27},"2":{"loc":{"start":{"line":30,"column":8},"end":{"line":32,"column":9}},"type":"if","locations":[{"start":{"line":30,"column":8},"end":{"line":32,"column":9}},{"start":{},"end":{}}],"line":30},"3":{"loc":{"start":{"line":45,"column":8},"end":{"line":47,"column":9}},"type":"if","locations":[{"start":{"line":45,"column":8},"end":{"line":47,"column":9}},{"start":{},"end":{}}],"line":45},"4":{"loc":{"start":{"line":57,"column":8},"end":{"line":57,"column":90}},"type":"if","locations":[{"start":{"line":57,"column":8},"end":{"line":57,"column":90}},{"start":{},"end":{}}],"line":57}},"s":{"0":1,"1":1,"2":0,"3":0,"4":0,"5":0,"6":1,"7":0,"8":0,"9":0,"10":0,"11":0,"12":0,"13":1,"14":0,"15":0,"16":0,"17":0,"18":0,"19":0,"20":0,"21":0,"22":1,"23":0,"24":0,"25":0,"26":0,"27":0,"28":0,"29":0,"30":1,"31":0,"32":0,"33":0,"34":0,"35":0,"36":0},"f":{"0":0,"1":0,"2":0,"3":0,"4":0},"b":{"0":[0,0],"1":[0,0],"2":[0,0],"3":[0,0],"4":[0,0]},"_coverageSchema":"1a1c01bbd47fc00a2c39e90264f33305004495a9","hash":"e6f30320aa28b8985354adf6e4710ca3afdcd1b4"}
,"C:\\Users\\colos\\Downloads\\Tarea1-BD2\\api\\src\\controllers\\restaurant.controller.js": {"path":"C:\\Users\\colos\\Downloads\\Tarea1-BD2\\api\\src\\controllers\\restaurant.controller.js","statementMap":{"0":{"start":{"line":1,"column":19},"end":{"line":1,"column":56}},"1":{"start":{"line":3,"column":0},"end":{"line":10,"column":2}},"2":{"start":{"line":4,"column":4},"end":{"line":9,"column":5}},"3":{"start":{"line":5,"column":28},"end":{"line":5,"column":53}},"4":{"start":{"line":6,"column":8},"end":{"line":6,"column":42}},"5":{"start":{"line":8,"column":8},"end":{"line":8,"column":53}},"6":{"start":{"line":12,"column":0},"end":{"line":20,"column":2}},"7":{"start":{"line":13,"column":4},"end":{"line":19,"column":5}},"8":{"start":{"line":14,"column":27},"end":{"line":14,"column":66}},"9":{"start":{"line":15,"column":8},"end":{"line":15,"column":93}},"10":{"start":{"line":15,"column":25},"end":{"line":15,"column":93}},"11":{"start":{"line":16,"column":8},"end":{"line":16,"column":41}},"12":{"start":{"line":18,"column":8},"end":{"line":18,"column":53}},"13":{"start":{"line":23,"column":0},"end":{"line":43,"column":2}},"14":{"start":{"line":24,"column":4},"end":{"line":42,"column":5}},"15":{"start":{"line":25,"column":48},"end":{"line":25,"column":56}},"16":{"start":{"line":28,"column":25},"end":{"line":28,"column":66}},"17":{"start":{"line":31,"column":8},"end":{"line":33,"column":9}},"18":{"start":{"line":32,"column":12},"end":{"line":32,"column":86}},"19":{"start":{"line":36,"column":30},"end":{"line":36,"column":82}},"20":{"start":{"line":39,"column":8},"end":{"line":39,"column":44}},"21":{"start":{"line":41,"column":8},"end":{"line":41,"column":53}},"22":{"start":{"line":46,"column":0},"end":{"line":66,"column":2}},"23":{"start":{"line":47,"column":4},"end":{"line":65,"column":5}},"24":{"start":{"line":48,"column":8},"end":{"line":48,"column":64}},"25":{"start":{"line":50,"column":38},"end":{"line":50,"column":46}},"26":{"start":{"line":52,"column":8},"end":{"line":54,"column":9}},"27":{"start":{"line":53,"column":12},"end":{"line":53,"column":104}},"28":{"start":{"line":56,"column":34},"end":{"line":56,"column":91}},"29":{"start":{"line":58,"column":8},"end":{"line":60,"column":9}},"30":{"start":{"line":59,"column":12},"end":{"line":59,"column":80}},"31":{"start":{"line":62,"column":8},"end":{"line":62,"column":48}},"32":{"start":{"line":64,"column":8},"end":{"line":64,"column":53}},"33":{"start":{"line":69,"column":0},"end":{"line":76,"column":2}},"34":{"start":{"line":70,"column":4},"end":{"line":75,"column":5}},"35":{"start":{"line":71,"column":8},"end":{"line":71,"column":47}},"36":{"start":{"line":72,"column":8},"end":{"line":72,"column":81}},"37":{"start":{"line":74,"column":8},"end":{"line":74,"column":53}}},"fnMap":{"0":{"name":"(anonymous_0)","decl":{"start":{"line":3,"column":28},"end":{"line":3,"column":29}},"loc":{"start":{"line":3,"column":48},"end":{"line":10,"column":1}},"line":3},"1":{"name":"(anonymous_1)","decl":{"start":{"line":12,"column":28},"end":{"line":12,"column":29}},"loc":{"start":{"line":12,"column":48},"end":{"line":20,"column":1}},"line":12},"2":{"name":"(anonymous_2)","decl":{"start":{"line":23,"column":27},"end":{"line":23,"column":28}},"loc":{"start":{"line":23,"column":47},"end":{"line":43,"column":1}},"line":23},"3":{"name":"(anonymous_3)","decl":{"start":{"line":46,"column":27},"end":{"line":46,"column":28}},"loc":{"start":{"line":46,"column":47},"end":{"line":66,"column":1}},"line":46},"4":{"name":"(anonymous_4)","decl":{"start":{"line":69,"column":27},"end":{"line":69,"column":28}},"loc":{"start":{"line":69,"column":47},"end":{"line":76,"column":1}},"line":69}},"branchMap":{"0":{"loc":{"start":{"line":15,"column":8},"end":{"line":15,"column":93}},"type":"if","locations":[{"start":{"line":15,"column":8},"end":{"line":15,"column":93}},{"start":{},"end":{}}],"line":15},"1":{"loc":{"start":{"line":28,"column":25},"end":{"line":28,"column":66}},"type":"cond-expr","locations":[{"start":{"line":28,"column":36},"end":{"line":28,"column":55}},{"start":{"line":28,"column":58},"end":{"line":28,"column":66}}],"line":28},"2":{"loc":{"start":{"line":31,"column":8},"end":{"line":33,"column":9}},"type":"if","locations":[{"start":{"line":31,"column":8},"end":{"line":33,"column":9}},{"start":{},"end":{}}],"line":31},"3":{"loc":{"start":{"line":52,"column":8},"end":{"line":54,"column":9}},"type":"if","locations":[{"start":{"line":52,"column":8},"end":{"line":54,"column":9}},{"start":{},"end":{}}],"line":52},"4":{"loc":{"start":{"line":52,"column":12},"end":{"line":52,"column":33}},"type":"binary-expr","locations":[{"start":{"line":52,"column":12},"end":{"line":52,"column":19}},{"start":{"line":52,"column":23},"end":{"line":52,"column":33}}],"line":52},"5":{"loc":{"start":{"line":58,"column":8},"end":{"line":60,"column":9}},"type":"if","locations":[{"start":{"line":58,"column":8},"end":{"line":60,"column":9}},{"start":{},"end":{}}],"line":58}},"s":{"0":1,"1":1,"2":0,"3":0,"4":0,"5":0,"6":1,"7":0,"8":0,"9":0,"10":0,"11":0,"12":0,"13":1,"14":0,"15":0,"16":0,"17":0,"18":0,"19":0,"20":0,"21":0,"22":1,"23":0,"24":0,"25":0,"26":0,"27":0,"28":0,"29":0,"30":0,"31":0,"32":0,"33":1,"34":0,"35":0,"36":0,"37":0},"f":{"0":0,"1":0,"2":0,"3":0,"4":0},"b":{"0":[0,0],"1":[0,0],"2":[0,0],"3":[0,0],"4":[0,0],"5":[0,0]},"_coverageSchema":"1a1c01bbd47fc00a2c39e90264f33305004495a9","hash":"a77f293695f4d5908f4af23e413b72641ed6d1ea"}
,"C:\\Users\\colos\\Downloads\\Tarea1-BD2\\api\\src\\middlewares\\authMiddleware.js": {"path":"C:\\Users\\colos\\Downloads\\Tarea1-BD2\\api\\src\\middlewares\\authMiddleware.js","statementMap":{"0":{"start":{"line":1,"column":14},"end":{"line":1,"column":30}},"1":{"start":{"line":4,"column":0},"end":{"line":23,"column":2}},"2":{"start":{"line":5,"column":16},"end":{"line":5,"column":43}},"3":{"start":{"line":6,"column":2},"end":{"line":6,"column":87}},"4":{"start":{"line":6,"column":14},"end":{"line":6,"column":87}},"5":{"start":{"line":8,"column":2},"end":{"line":22,"column":3}},"6":{"start":{"line":10,"column":21},"end":{"line":14,"column":6}},"7":{"start":{"line":17,"column":4},"end":{"line":17,"column":37}},"8":{"start":{"line":18,"column":4},"end":{"line":18,"column":11}},"9":{"start":{"line":20,"column":4},"end":{"line":20,"column":79}},"10":{"start":{"line":21,"column":4},"end":{"line":21,"column":85}}},"fnMap":{"0":{"name":"(anonymous_0)","decl":{"start":{"line":4,"column":17},"end":{"line":4,"column":18}},"loc":{"start":{"line":4,"column":43},"end":{"line":23,"column":1}},"line":4}},"branchMap":{"0":{"loc":{"start":{"line":6,"column":2},"end":{"line":6,"column":87}},"type":"if","locations":[{"start":{"line":6,"column":2},"end":{"line":6,"column":87}},{"start":{},"end":{}}],"line":6}},"s":{"0":1,"1":1,"2":0,"3":0,"4":0,"5":0,"6":0,"7":0,"8":0,"9":0,"10":0},"f":{"0":0},"b":{"0":[0,0]},"_coverageSchema":"1a1c01bbd47fc00a2c39e90264f33305004495a9","hash":"6211dad1455bf8c8f4607538826ebab31a0f24b4"}
,"C:\\Users\\colos\\Downloads\\Tarea1-BD2\\api\\src\\models\\menu.model.js": {"path":"C:\\Users\\colos\\Downloads\\Tarea1-BD2\\api\\src\\models\\menu.model.js","statementMap":{"0":{"start":{"line":1,"column":13},"end":{"line":1,"column":32}},"1":{"start":{"line":3,"column":13},"end":{"line":38,"column":1}},"2":{"start":{"line":6,"column":8},"end":{"line":6,"column":85}},"3":{"start":{"line":7,"column":23},"end":{"line":7,"column":86}},"4":{"start":{"line":8,"column":8},"end":{"line":8,"column":30}},"5":{"start":{"line":13,"column":23},"end":{"line":13,"column":105}},"6":{"start":{"line":14,"column":8},"end":{"line":14,"column":27}},"7":{"start":{"line":18,"column":23},"end":{"line":21,"column":9}},"8":{"start":{"line":22,"column":8},"end":{"line":22,"column":30}},"9":{"start":{"line":27,"column":23},"end":{"line":30,"column":9}},"10":{"start":{"line":31,"column":8},"end":{"line":31,"column":30}},"11":{"start":{"line":35,"column":23},"end":{"line":35,"column":101}},"12":{"start":{"line":36,"column":8},"end":{"line":36,"column":30}},"13":{"start":{"line":40,"column":0},"end":{"line":40,"column":22}}},"fnMap":{"0":{"name":"(anonymous_0)","decl":{"start":{"line":5,"column":13},"end":{"line":5,"column":14}},"loc":{"start":{"line":5,"column":27},"end":{"line":9,"column":5}},"line":5},"1":{"name":"(anonymous_1)","decl":{"start":{"line":12,"column":21},"end":{"line":12,"column":22}},"loc":{"start":{"line":12,"column":47},"end":{"line":15,"column":5}},"line":12},"2":{"name":"(anonymous_2)","decl":{"start":{"line":17,"column":12},"end":{"line":17,"column":13}},"loc":{"start":{"line":17,"column":59},"end":{"line":23,"column":5}},"line":17},"3":{"name":"(anonymous_3)","decl":{"start":{"line":26,"column":12},"end":{"line":26,"column":13}},"loc":{"start":{"line":26,"column":52},"end":{"line":32,"column":5}},"line":26},"4":{"name":"(anonymous_4)","decl":{"start":{"line":34,"column":12},"end":{"line":34,"column":13}},"loc":{"start":{"line":34,"column":31},"end":{"line":37,"column":5}},"line":34}},"branchMap":{},"s":{"0":1,"1":1,"2":0,"3":0,"4":0,"5":0,"6":0,"7":0,"8":0,"9":0,"10":0,"11":0,"12":0,"13":1},"f":{"0":0,"1":0,"2":0,"3":0,"4":0},"b":{},"_coverageSchema":"1a1c01bbd47fc00a2c39e90264f33305004495a9","hash":"7eeb5570eec8f6900ae56611ccd96dc847a08036"}
,"C:\\Users\\colos\\Downloads\\Tarea1-BD2\\api\\src\\models\\orders.model.js": {"path":"C:\\Users\\colos\\Downloads\\Tarea1-BD2\\api\\src\\models\\orders.model.js","statementMap":{"0":{"start":{"line":1,"column":13},"end":{"line":1,"column":32}},"1":{"start":{"line":3,"column":14},"end":{"line":75,"column":1}},"2":{"start":{"line":5,"column":19},"end":{"line":5,"column":39}},"3":{"start":{"line":7,"column":4},"end":{"line":50,"column":5}},"4":{"start":{"line":9,"column":6},"end":{"line":9,"column":46}},"5":{"start":{"line":12,"column":27},"end":{"line":16,"column":7}},"6":{"start":{"line":19,"column":24},"end":{"line":19,"column":54}},"7":{"start":{"line":22,"column":6},"end":{"line":40,"column":7}},"8":{"start":{"line":23,"column":31},"end":{"line":26,"column":9}},"9":{"start":{"line":28,"column":8},"end":{"line":30,"column":9}},"10":{"start":{"line":29,"column":10},"end":{"line":29,"column":76}},"11":{"start":{"line":32,"column":23},"end":{"line":32,"column":64}},"12":{"start":{"line":33,"column":25},"end":{"line":33,"column":47}},"13":{"start":{"line":35,"column":8},"end":{"line":39,"column":10}},"14":{"start":{"line":42,"column":6},"end":{"line":42,"column":35}},"15":{"start":{"line":43,"column":6},"end":{"line":43,"column":23}},"16":{"start":{"line":46,"column":6},"end":{"line":46,"column":37}},"17":{"start":{"line":47,"column":6},"end":{"line":47,"column":16}},"18":{"start":{"line":49,"column":6},"end":{"line":49,"column":23}},"19":{"start":{"line":54,"column":19},"end":{"line":57,"column":5}},"20":{"start":{"line":59,"column":4},"end":{"line":59,"column":46}},"21":{"start":{"line":59,"column":34},"end":{"line":59,"column":46}},"22":{"start":{"line":61,"column":22},"end":{"line":67,"column":5}},"23":{"start":{"line":69,"column":4},"end":{"line":72,"column":6}},"24":{"start":{"line":77,"column":0},"end":{"line":77,"column":23}}},"fnMap":{"0":{"name":"(anonymous_0)","decl":{"start":{"line":4,"column":15},"end":{"line":4,"column":16}},"loc":{"start":{"line":4,"column":70},"end":{"line":51,"column":3}},"line":4},"1":{"name":"(anonymous_1)","decl":{"start":{"line":53,"column":16},"end":{"line":53,"column":17}},"loc":{"start":{"line":53,"column":37},"end":{"line":73,"column":3}},"line":53}},"branchMap":{"0":{"loc":{"start":{"line":28,"column":8},"end":{"line":30,"column":9}},"type":"if","locations":[{"start":{"line":28,"column":8},"end":{"line":30,"column":9}},{"start":{},"end":{}}],"line":28},"1":{"loc":{"start":{"line":59,"column":4},"end":{"line":59,"column":46}},"type":"if","locations":[{"start":{"line":59,"column":4},"end":{"line":59,"column":46}},{"start":{},"end":{}}],"line":59}},"s":{"0":1,"1":1,"2":0,"3":0,"4":0,"5":0,"6":0,"7":0,"8":0,"9":0,"10":0,"11":0,"12":0,"13":0,"14":0,"15":0,"16":0,"17":0,"18":0,"19":0,"20":0,"21":0,"22":0,"23":0,"24":1},"f":{"0":0,"1":0},"b":{"0":[0,0],"1":[0,0]},"_coverageSchema":"1a1c01bbd47fc00a2c39e90264f33305004495a9","hash":"1228ffd704d31f27094be162ef1e69cddcb668fa"}
,"C:\\Users\\colos\\Downloads\\Tarea1-BD2\\api\\src\\models\\product.model.js": {"path":"C:\\Users\\colos\\Downloads\\Tarea1-BD2\\api\\src\\models\\product.model.js","statementMap":{"0":{"start":{"line":1,"column":13},"end":{"line":1,"column":32}},"1":{"start":{"line":3,"column":16},"end":{"line":34,"column":1}},"2":{"start":{"line":5,"column":19},"end":{"line":5,"column":61}},"3":{"start":{"line":6,"column":4},"end":{"line":6,"column":23}},"4":{"start":{"line":10,"column":19},"end":{"line":10,"column":90}},"5":{"start":{"line":11,"column":4},"end":{"line":11,"column":26}},"6":{"start":{"line":15,"column":19},"end":{"line":18,"column":5}},"7":{"start":{"line":19,"column":4},"end":{"line":19,"column":26}},"8":{"start":{"line":23,"column":19},"end":{"line":26,"column":5}},"9":{"start":{"line":27,"column":4},"end":{"line":27,"column":26}},"10":{"start":{"line":31,"column":19},"end":{"line":31,"column":100}},"11":{"start":{"line":32,"column":4},"end":{"line":32,"column":26}},"12":{"start":{"line":36,"column":0},"end":{"line":36,"column":25}}},"fnMap":{"0":{"name":"(anonymous_0)","decl":{"start":{"line":4,"column":10},"end":{"line":4,"column":11}},"loc":{"start":{"line":4,"column":22},"end":{"line":7,"column":3}},"line":4},"1":{"name":"(anonymous_1)","decl":{"start":{"line":9,"column":11},"end":{"line":9,"column":12}},"loc":{"start":{"line":9,"column":25},"end":{"line":12,"column":3}},"line":9},"2":{"name":"(anonymous_2)","decl":{"start":{"line":14,"column":10},"end":{"line":14,"column":11}},"loc":{"start":{"line":14,"column":58},"end":{"line":20,"column":3}},"line":14},"3":{"name":"(anonymous_3)","decl":{"start":{"line":22,"column":10},"end":{"line":22,"column":11}},"loc":{"start":{"line":22,"column":53},"end":{"line":28,"column":3}},"line":22},"4":{"name":"(anonymous_4)","decl":{"start":{"line":30,"column":10},"end":{"line":30,"column":11}},"loc":{"start":{"line":30,"column":24},"end":{"line":33,"column":3}},"line":30}},"branchMap":{},"s":{"0":1,"1":1,"2":0,"3":0,"4":0,"5":0,"6":0,"7":0,"8":0,"9":0,"10":0,"11":0,"12":1},"f":{"0":0,"1":0,"2":0,"3":0,"4":0},"b":{},"_coverageSchema":"1a1c01bbd47fc00a2c39e90264f33305004495a9","hash":"a5efa0eb8d3cece08706a0f68c3b0bcb79c1ff1f"}
,"C:\\Users\\colos\\Downloads\\Tarea1-BD2\\api\\src\\models\\reservation.model.js": {"path":"C:\\Users\\colos\\Downloads\\Tarea1-BD2\\api\\src\\models\\reservation.model.js","statementMap":{"0":{"start":{"line":1,"column":13},"end":{"line":1,"column":32}},"1":{"start":{"line":3,"column":20},"end":{"line":34,"column":1}},"2":{"start":{"line":5,"column":23},"end":{"line":5,"column":64}},"3":{"start":{"line":6,"column":8},"end":{"line":6,"column":27}},"4":{"start":{"line":10,"column":23},"end":{"line":10,"column":92}},"5":{"start":{"line":11,"column":8},"end":{"line":11,"column":30}},"6":{"start":{"line":15,"column":23},"end":{"line":18,"column":9}},"7":{"start":{"line":19,"column":8},"end":{"line":19,"column":30}},"8":{"start":{"line":23,"column":23},"end":{"line":26,"column":9}},"9":{"start":{"line":27,"column":8},"end":{"line":27,"column":30}},"10":{"start":{"line":31,"column":23},"end":{"line":31,"column":102}},"11":{"start":{"line":32,"column":8},"end":{"line":32,"column":35}},"12":{"start":{"line":36,"column":0},"end":{"line":36,"column":29}}},"fnMap":{"0":{"name":"(anonymous_0)","decl":{"start":{"line":4,"column":12},"end":{"line":4,"column":13}},"loc":{"start":{"line":4,"column":24},"end":{"line":7,"column":5}},"line":4},"1":{"name":"(anonymous_1)","decl":{"start":{"line":9,"column":13},"end":{"line":9,"column":14}},"loc":{"start":{"line":9,"column":27},"end":{"line":12,"column":5}},"line":9},"2":{"name":"(anonymous_2)","decl":{"start":{"line":14,"column":12},"end":{"line":14,"column":13}},"loc":{"start":{"line":14,"column":70},"end":{"line":20,"column":5}},"line":14},"3":{"name":"(anonymous_3)","decl":{"start":{"line":22,"column":12},"end":{"line":22,"column":13}},"loc":{"start":{"line":22,"column":46},"end":{"line":28,"column":5}},"line":22},"4":{"name":"(anonymous_4)","decl":{"start":{"line":30,"column":12},"end":{"line":30,"column":13}},"loc":{"start":{"line":30,"column":26},"end":{"line":33,"column":5}},"line":30}},"branchMap":{},"s":{"0":1,"1":1,"2":0,"3":0,"4":0,"5":0,"6":0,"7":0,"8":0,"9":0,"10":0,"11":0,"12":1},"f":{"0":0,"1":0,"2":0,"3":0,"4":0},"b":{},"_coverageSchema":"1a1c01bbd47fc00a2c39e90264f33305004495a9","hash":"c1cc89250da4ece095487172aa3d188ae3011bed"}
,"C:\\Users\\colos\\Downloads\\Tarea1-BD2\\api\\src\\models\\restaurant.model.js": {"path":"C:\\Users\\colos\\Downloads\\Tarea1-BD2\\api\\src\\models\\restaurant.model.js","statementMap":{"0":{"start":{"line":1,"column":13},"end":{"line":1,"column":32}},"1":{"start":{"line":3,"column":19},"end":{"line":39,"column":1}},"2":{"start":{"line":5,"column":8},"end":{"line":5,"column":70}},"3":{"start":{"line":6,"column":23},"end":{"line":6,"column":68}},"4":{"start":{"line":7,"column":8},"end":{"line":7,"column":27}},"5":{"start":{"line":11,"column":8},"end":{"line":11,"column":99}},"6":{"start":{"line":12,"column":23},"end":{"line":12,"column":100}},"7":{"start":{"line":13,"column":8},"end":{"line":13,"column":30}},"8":{"start":{"line":17,"column":8},"end":{"line":17,"column":68}},"9":{"start":{"line":18,"column":23},"end":{"line":21,"column":9}},"10":{"start":{"line":22,"column":8},"end":{"line":22,"column":30}},"11":{"start":{"line":26,"column":8},"end":{"line":26,"column":68}},"12":{"start":{"line":27,"column":23},"end":{"line":30,"column":9}},"13":{"start":{"line":31,"column":8},"end":{"line":31,"column":30}},"14":{"start":{"line":35,"column":8},"end":{"line":35,"column":60}},"15":{"start":{"line":36,"column":8},"end":{"line":36,"column":84}},"16":{"start":{"line":37,"column":8},"end":{"line":37,"column":52}},"17":{"start":{"line":41,"column":0},"end":{"line":41,"column":28}}},"fnMap":{"0":{"name":"(anonymous_0)","decl":{"start":{"line":4,"column":12},"end":{"line":4,"column":13}},"loc":{"start":{"line":4,"column":24},"end":{"line":8,"column":5}},"line":4},"1":{"name":"(anonymous_1)","decl":{"start":{"line":10,"column":13},"end":{"line":10,"column":14}},"loc":{"start":{"line":10,"column":27},"end":{"line":14,"column":5}},"line":10},"2":{"name":"(anonymous_2)","decl":{"start":{"line":16,"column":12},"end":{"line":16,"column":13}},"loc":{"start":{"line":16,"column":47},"end":{"line":23,"column":5}},"line":16},"3":{"name":"(anonymous_3)","decl":{"start":{"line":25,"column":12},"end":{"line":25,"column":13}},"loc":{"start":{"line":25,"column":45},"end":{"line":32,"column":5}},"line":25},"4":{"name":"(anonymous_4)","decl":{"start":{"line":34,"column":12},"end":{"line":34,"column":13}},"loc":{"start":{"line":34,"column":26},"end":{"line":38,"column":5}},"line":34}},"branchMap":{},"s":{"0":1,"1":1,"2":0,"3":0,"4":0,"5":0,"6":0,"7":0,"8":0,"9":0,"10":0,"11":0,"12":0,"13":0,"14":0,"15":0,"16":0,"17":1},"f":{"0":0,"1":0,"2":0,"3":0,"4":0},"b":{},"_coverageSchema":"1a1c01bbd47fc00a2c39e90264f33305004495a9","hash":"daf2c5b82de56b19d0b805747d4792168bf015c1"}
,"C:\\Users\\colos\\Downloads\\Tarea1-BD2\\api\\src\\routes\\menu.routes.js": {"path":"C:\\Users\\colos\\Downloads\\Tarea1-BD2\\api\\src\\routes\\menu.routes.js","statementMap":{"0":{"start":{"line":1,"column":16},"end":{"line":1,"column":34}},"1":{"start":{"line":2,"column":15},"end":{"line":2,"column":31}},"2":{"start":{"line":3,"column":23},"end":{"line":3,"column":64}},"3":{"start":{"line":39,"column":0},"end":{"line":39,"column":44}},"4":{"start":{"line":71,"column":0},"end":{"line":71,"column":46}},"5":{"start":{"line":92,"column":0},"end":{"line":92,"column":47}},"6":{"start":{"line":113,"column":0},"end":{"line":113,"column":49}},"7":{"start":{"line":115,"column":0},"end":{"line":115,"column":24}}},"fnMap":{},"branchMap":{},"s":{"0":1,"1":1,"2":1,"3":1,"4":1,"5":1,"6":1,"7":1},"f":{},"b":{},"_coverageSchema":"1a1c01bbd47fc00a2c39e90264f33305004495a9","hash":"73290da1233f075fedca8f7d1ebe946d6a652cf7"}
,"C:\\Users\\colos\\Downloads\\Tarea1-BD2\\api\\src\\routes\\orders.routes.js": {"path":"C:\\Users\\colos\\Downloads\\Tarea1-BD2\\api\\src\\routes\\orders.routes.js","statementMap":{"0":{"start":{"line":1,"column":16},"end":{"line":1,"column":34}},"1":{"start":{"line":2,"column":15},"end":{"line":2,"column":31}},"2":{"start":{"line":3,"column":23},"end":{"line":3,"column":63}},"3":{"start":{"line":4,"column":24},"end":{"line":4,"column":67}},"4":{"start":{"line":59,"column":0},"end":{"line":59,"column":62}},"5":{"start":{"line":84,"column":0},"end":{"line":84,"column":65}},"6":{"start":{"line":86,"column":0},"end":{"line":86,"column":24}}},"fnMap":{},"branchMap":{},"s":{"0":1,"1":1,"2":1,"3":1,"4":1,"5":1,"6":1},"f":{},"b":{},"_coverageSchema":"1a1c01bbd47fc00a2c39e90264f33305004495a9","hash":"94c579aa4a8670057e9eac3d361ec46e96e122e0"}
,"C:\\Users\\colos\\Downloads\\Tarea1-BD2\\api\\src\\routes\\product.routes.js": {"path":"C:\\Users\\colos\\Downloads\\Tarea1-BD2\\api\\src\\routes\\product.routes.js","statementMap":{"0":{"start":{"line":1,"column":16},"end":{"line":1,"column":34}},"1":{"start":{"line":2,"column":15},"end":{"line":2,"column":31}},"2":{"start":{"line":3,"column":19},"end":{"line":3,"column":63}},"3":{"start":{"line":4,"column":23},"end":{"line":4,"column":63}},"4":{"start":{"line":25,"column":0},"end":{"line":25,"column":43}},"5":{"start":{"line":48,"column":0},"end":{"line":48,"column":46}},"6":{"start":{"line":84,"column":0},"end":{"line":84,"column":59}},"7":{"start":{"line":122,"column":0},"end":{"line":122,"column":61}},"8":{"start":{"line":147,"column":0},"end":{"line":147,"column":64}},"9":{"start":{"line":149,"column":0},"end":{"line":149,"column":24}}},"fnMap":{},"branchMap":{},"s":{"0":1,"1":1,"2":1,"3":1,"4":1,"5":1,"6":1,"7":1,"8":1,"9":1},"f":{},"b":{},"_coverageSchema":"1a1c01bbd47fc00a2c39e90264f33305004495a9","hash":"0f09dc55d7af1858fd184ee7ae54a291a5419755"}
,"C:\\Users\\colos\\Downloads\\Tarea1-BD2\\api\\src\\routes\\reservations.routes.js": {"path":"C:\\Users\\colos\\Downloads\\Tarea1-BD2\\api\\src\\routes\\reservations.routes.js","statementMap":{"0":{"start":{"line":1,"column":16},"end":{"line":1,"column":34}},"1":{"start":{"line":2,"column":15},"end":{"line":2,"column":31}},"2":{"start":{"line":3,"column":23},"end":{"line":3,"column":63}},"3":{"start":{"line":4,"column":30},"end":{"line":4,"column":78}},"4":{"start":{"line":25,"column":0},"end":{"line":25,"column":58}},"5":{"start":{"line":48,"column":0},"end":{"line":48,"column":61}},"6":{"start":{"line":85,"column":0},"end":{"line":85,"column":74}},"7":{"start":{"line":121,"column":0},"end":{"line":121,"column":60}},"8":{"start":{"line":144,"column":0},"end":{"line":144,"column":63}},"9":{"start":{"line":146,"column":0},"end":{"line":146,"column":24}}},"fnMap":{},"branchMap":{},"s":{"0":1,"1":1,"2":1,"3":1,"4":1,"5":1,"6":1,"7":1,"8":1,"9":1},"f":{},"b":{},"_coverageSchema":"1a1c01bbd47fc00a2c39e90264f33305004495a9","hash":"8deef58c2dc1fe7a71ed28bf8d916ece9ee9ad53"}
,"C:\\Users\\colos\\Downloads\\Tarea1-BD2\\api\\src\\routes\\restaurant.routes.js": {"path":"C:\\Users\\colos\\Downloads\\Tarea1-BD2\\api\\src\\routes\\restaurant.routes.js","statementMap":{"0":{"start":{"line":1,"column":16},"end":{"line":1,"column":34}},"1":{"start":{"line":2,"column":15},"end":{"line":2,"column":31}},"2":{"start":{"line":3,"column":23},"end":{"line":3,"column":63}},"3":{"start":{"line":4,"column":29},"end":{"line":4,"column":76}},"4":{"start":{"line":25,"column":0},"end":{"line":25,"column":56}},"5":{"start":{"line":48,"column":0},"end":{"line":48,"column":59}},"6":{"start":{"line":80,"column":0},"end":{"line":80,"column":72}},"7":{"start":{"line":116,"column":0},"end":{"line":116,"column":58}},"8":{"start":{"line":139,"column":0},"end":{"line":139,"column":61}},"9":{"start":{"line":141,"column":0},"end":{"line":141,"column":24}}},"fnMap":{},"branchMap":{},"s":{"0":1,"1":1,"2":1,"3":1,"4":1,"5":1,"6":1,"7":1,"8":1,"9":1},"f":{},"b":{},"_coverageSchema":"1a1c01bbd47fc00a2c39e90264f33305004495a9","hash":"c7dba9a17047af3170cc71a4428c12f61eed12b4"}
,"C:\\Users\\colos\\Downloads\\Tarea1-BD2\\api\\swagger\\swaggerConfig.js": {"path":"C:\\Users\\colos\\Downloads\\Tarea1-BD2\\api\\swagger\\swaggerConfig.js","statementMap":{"0":{"start":{"line":1,"column":21},"end":{"line":1,"column":45}},"1":{"start":{"line":3,"column":13},"end":{"line":3,"column":41}},"2":{"start":{"line":5,"column":26},"end":{"line":27,"column":1}},"3":{"start":{"line":29,"column":16},"end":{"line":32,"column":1}},"4":{"start":{"line":34,"column":20},"end":{"line":34,"column":41}},"5":{"start":{"line":36,"column":0},"end":{"line":36,"column":29}}},"fnMap":{},"branchMap":{"0":{"loc":{"start":{"line":3,"column":13},"end":{"line":3,"column":41}},"type":"binary-expr","locations":[{"start":{"line":3,"column":13},"end":{"line":3,"column":33}},{"start":{"line":3,"column":37},"end":{"line":3,"column":41}}],"line":3}},"s":{"0":1,"1":1,"2":1,"3":1,"4":1,"5":1},"f":{},"b":{"0":[1,0]},"_coverageSchema":"1a1c01bbd47fc00a2c39e90264f33305004495a9","hash":"452eb6aa5cf7bcd13f42f0a8f17152c0b5a33750"}
}
